<?xml version="1.0" encoding="UTF-8"?>
<testsuite xmlns:xsi="http://www.w3.org/2001/XMLSchema-instance" xsi:noNamespaceSchemaLocation="https://maven.apache.org/surefire/maven-surefire-plugin/xsd/surefire-test-report.xsd" name="MagicBoxTest" time="0.109" tests="4" errors="0" skipped="0" failures="0">
  <properties>
[...]
</properties>
  <testcase name="addMoreThenSizeOfMagicBox{String}[1]" classname="MagicBoxTest" time="0.047"/>
  <testcase name="pickIfMagicBoxIsNotFull" classname="MagicBoxTest" time="0.016"/>
  <testcase name="add{String}[1]" classname="MagicBoxTest" time="0"/>
  <testcase name="pickIfMagicBoxIsFull" classname="MagicBoxTest" time="0"/>
</testsuite>